#
# There is insufficient memory for the Java Runtime Environment to continue.
# Native memory allocation (malloc) failed to allocate 1048576 bytes for AllocateHeap
# Possible reasons:
#   The system is out of physical RAM or swap space
#   The process is running with CompressedOops enabled, and the Java Heap may be blocking the growth of the native heap
# Possible solutions:
#   Reduce memory load on the system
#   Increase physical memory or swap space
#   Check if swap backing store is full
#   Decrease Java heap size (-Xmx/-Xms)
#   Decrease number of Java threads
#   Decrease Java thread stack sizes (-Xss)
#   Set larger code cache with -XX:ReservedCodeCacheSize=
#   JVM is running with Zero Based Compressed Oops mode in which the Java heap is
#     placed in the first 32GB address space. The Java Heap base address is the
#     maximum limit for the native heap growth. Please use -XX:HeapBaseMinAddress
#     to set the Java Heap base and to place the Java Heap above 32GB virtual address.
# This output file may be truncated or incomplete.
#
#  Out of Memory Error (./src/hotspot/share/memory/allocation.cpp:46), pid=32168, tid=43132
#
# JRE version: OpenJDK Runtime Environment Temurin-11.0.14.1+1 (11.0.14.1+1) (build 11.0.14.1+1)
# Java VM: OpenJDK 64-Bit Server VM Temurin-11.0.14.1+1 (11.0.14.1+1, mixed mode, tiered, compressed oops, g1 gc, windows-amd64)
# No core dump will be written. Minidumps are not enabled by default on client versions of Windows
#

---------------  S U M M A R Y ------------

Command Line: -Dfile.encoding=UTF-8 -Dcom.android.sdkmanager.toolsdir=C:\Program Files\Unity\Hub\Editor\2022.3.10f1\Editor\Data\PlaybackEngines\AndroidPlayer\SDK\cmdline-tools\6.0\bin\\.. com.android.sdklib.tool.AvdManagerCli list target -c

Host: Intel(R) Core(TM) i5-10400F CPU @ 2.90GHz, 12 cores, 15G,  Windows 11 , 64 bit Build 22621 (10.0.22621.3374)
Time: Sun Apr 21 15:55:48 2024 Paris, Madrid (heure d’été) elapsed time: 0.489658 seconds (0d 0h 0m 0s)

---------------  T H R E A D  ---------------

Current thread (0x0000022e2cbe7000):  VMThread "VM Thread" [stack: 0x0000007df0b00000,0x0000007df0c00000] [id=43132]

Stack: [0x0000007df0b00000,0x0000007df0c00000]
[error occurred during error reporting (printing stack bounds), id 0xc0000005, EXCEPTION_ACCESS_VIOLATION (0xc0000005) at pc=0x0000022e1117112d]

Native frames: (J=compiled Java code, j=interpreted, Vv=VM code, C=native code)
V  [jvm.dll+0x61e59a]
V  [jvm.dll+0x7aaca9]
V  [jvm.dll+0x7ac398]
V  [jvm.dll+0x7ac9d5]
V  [jvm.dll+0x7ac98b]
V  [jvm.dll+0x61d927]
V  [jvm.dll+0x61e038]
C  [ntdll.dll+0xa440f]
C  [ntdll.dll+0x1e466]
C  [ntdll.dll+0xa33fe]
C  0x0000022e1117112d

VM_Operation (0x0000007df05fc080): CollectForMetadataAllocation, mode: safepoint, requested by thread 0x0000022e08a42800


---------------  P R O C E S S  ---------------

Threads class SMR info:
_java_thread_list=0x0000022e2ddfe900, length=11, elements={
0x0000022e08a42800, 0x0000022e2cbea800, 0x0000022e2cbeb800, 0x0000022e2d4ec800,
0x0000022e2d4ee800, 0x0000022e2d4f0800, 0x0000022e2d4f4000, 0x0000022e2d4f7000,
0x0000022e2d4f8000, 0x0000022e2d67f000, 0x0000022e2dd87800
}

Java Threads: ( => current thread )
  0x0000022e08a42800 JavaThread "main" [_thread_blocked, id=33944, stack(0x0000007df0500000,0x0000007df0600000)]
  0x0000022e2cbea800 JavaThread "Reference Handler" daemon [_thread_blocked, id=36424, stack(0x0000007df0c00000,0x0000007df0d00000)]
  0x0000022e2cbeb800 JavaThread "Finalizer" daemon [_thread_blocked, id=39724, stack(0x0000007df0d00000,0x0000007df0e00000)]
  0x0000022e2d4ec800 JavaThread "Signal Dispatcher" daemon [_thread_blocked, id=16520, stack(0x0000007df0e00000,0x0000007df0f00000)]
  0x0000022e2d4ee800 JavaThread "Attach Listener" daemon [_thread_blocked, id=34728, stack(0x0000007df0f00000,0x0000007df1000000)]
  0x0000022e2d4f0800 JavaThread "Service Thread" daemon [_thread_blocked, id=33588, stack(0x0000007df1000000,0x0000007df1100000)]
  0x0000022e2d4f4000 JavaThread "C2 CompilerThread0" daemon [_thread_blocked, id=11144, stack(0x0000007df1100000,0x0000007df1200000)]
  0x0000022e2d4f7000 JavaThread "C1 CompilerThread0" daemon [_thread_blocked, id=19096, stack(0x0000007df1200000,0x0000007df1300000)]
  0x0000022e2d4f8000 JavaThread "Sweeper thread" daemon [_thread_blocked, id=44536, stack(0x0000007df1300000,0x0000007df1400000)]
  0x0000022e2d67f000 JavaThread "Common-Cleaner" daemon [_thread_blocked, id=30984, stack(0x0000007df1500000,0x0000007df1600000)]
  0x0000022e2dd87800 JavaThread "C2 CompilerThread1" daemon [_thread_blocked, id=33180, stack(0x0000007df1600000,0x0000007df1700000)]

Other Threads:
=>0x0000022e2cbe7000 VMThread "VM Thread" [stack: 0x0000007df0b00000,0x0000007df0c00000] [id=43132]
  0x0000022e2d67c800 WatcherThread [stack: 0x0000007df1400000,0x0000007df1500000] [id=1632]
  0x0000022e08a5d000 GCTaskThread "GC Thread#0" [stack: 0x0000007df0600000,0x0000007df0700000] [id=24300]
  0x0000022e2e073800 GCTaskThread "GC Thread#1" [stack: 0x0000007df1700000,0x0000007df1800000] [id=34800]
  0x0000022e2e074000 GCTaskThread "GC Thread#2" [stack: 0x0000007df1800000,0x0000007df1900000] [id=39904]
  0x0000022e2e0bc800 GCTaskThread "GC Thread#3" [stack: 0x0000007df1900000,0x0000007df1a00000] [id=39004]
  0x0000022e2e0bd000 GCTaskThread "GC Thread#4" [stack: 0x0000007df1a00000,0x0000007df1b00000] [id=28764]
  0x0000022e2de89800 GCTaskThread "GC Thread#5" [stack: 0x0000007df1d00000,0x0000007df1e00000] [id=35976]
  0x0000022e08abe000 ConcurrentGCThread "G1 Main Marker" [stack: 0x0000007df0700000,0x0000007df0800000] [id=39484]
  0x0000022e08ac0800 ConcurrentGCThread "G1 Conc#0" [stack: 0x0000007df0800000,0x0000007df0900000] [id=38184]
  0x0000022e2d67d800 ConcurrentGCThread "G1 Conc#1" [stack: 0x0000007df1b00000,0x0000007df1c00000] [id=42924]
  0x0000022e2dc6c000 ConcurrentGCThread "G1 Conc#2" [stack: 0x0000007df1c00000,0x0000007df1d00000] [id=23544]
  0x0000022e2cad1000 ConcurrentGCThread "G1 Refine#0" [stack: 0x0000007df0900000,0x0000007df0a00000] [id=4872]
  0x0000022e2cad2000 ConcurrentGCThread "G1 Young RemSet Sampling" [stack: 0x0000007df0a00000,0x0000007df0b00000] [id=15080]

Threads with active compile tasks:
C1 CompilerThread0    497 1124       3       java.util.Vector::add (23 bytes)
C2 CompilerThread1    497 1119   !   4       java.util.zip.ZipFile::getEntry (73 bytes)

VM state:at safepoint (normal execution)

VM Mutex/Monitor currently owned by a thread:  ([mutex/lock_event])
[0x0000022e08a3f0d0] Threads_lock - owner thread: 0x0000022e2cbe7000
[0x0000022e08a3dd20] Heap_lock - owner thread: 0x0000022e08a42800
[0x0000022e08a3f8b0] MethodData_lock - owner thread: 0x0000022e08a42800

Heap address: 0x0000000701200000, size: 4078 MB, Compressed Oops mode: Zero based, Oop shift amount: 3
Narrow klass base: 0x0000000800000000, Narrow klass shift: 0
Compressed class space size: 1073741824 Address: 0x0000000800000000

Heap:
 garbage-first heap   total 262144K, used 3646K [0x0000000701200000, 0x0000000800000000)
  region size 1024K, 3 young (3072K), 3 survivors (3072K)
 Metaspace       used 14721K, capacity 14994K, committed 15104K, reserved 1071104K
  class space    used 1373K, capacity 1469K, committed 1536K, reserved 1048576K
Heap Regions: E=young(eden), S=young(survivor), O=old, HS=humongous(starts), HC=humongous(continues), CS=collection set, F=free, A=archive, TAMS=top-at-mark-start (previous, next)
|   0|0x0000000701200000, 0x0000000701200000, 0x0000000701300000|  0%| F|  |TAMS 0x0000000701200000, 0x0000000701200000| Untracked 
|   1|0x0000000701300000, 0x000000070138fa00, 0x0000000701400000| 56%| O|  |TAMS 0x0000000701300000, 0x000000070138fa00| Untracked 
|   2|0x0000000701400000, 0x0000000701400000, 0x0000000701500000|  0%| F|  |TAMS 0x0000000701400000, 0x0000000701400000| Untracked 
|   3|0x0000000701500000, 0x0000000701500000, 0x0000000701600000|  0%| F|  |TAMS 0x0000000701500000, 0x0000000701500000| Untracked 
|   4|0x0000000701600000, 0x0000000701600000, 0x0000000701700000|  0%| F|  |TAMS 0x0000000701600000, 0x0000000701600000| Untracked 
|   5|0x0000000701700000, 0x0000000701700000, 0x0000000701800000|  0%| F|  |TAMS 0x0000000701700000, 0x0000000701700000| Untracked 
|   6|0x0000000701800000, 0x0000000701800000, 0x0000000701900000|  0%| F|  |TAMS 0x0000000701800000, 0x0000000701800000| Untracked 
|   7|0x0000000701900000, 0x0000000701900000, 0x0000000701a00000|  0%| F|  |TAMS 0x0000000701900000, 0x0000000701900000| Untracked 
|   8|0x0000000701a00000, 0x0000000701a00000, 0x0000000701b00000|  0%| F|  |TAMS 0x0000000701a00000, 0x0000000701a00000| Untracked 
|   9|0x0000000701b00000, 0x0000000701b00000, 0x0000000701c00000|  0%| F|  |TAMS 0x0000000701b00000, 0x0000000701b00000| Untracked 
|  10|0x0000000701c00000, 0x0000000701c00000, 0x0000000701d00000|  0%| F|  |TAMS 0x0000000701c00000, 0x0000000701c00000| Untracked 
|  11|0x0000000701d00000, 0x0000000701d00000, 0x0000000701e00000|  0%| F|  |TAMS 0x0000000701d00000, 0x0000000701d00000| Untracked 
|  12|0x0000000701e00000, 0x0000000701e00000, 0x0000000701f00000|  0%| F|  |TAMS 0x0000000701e00000, 0x0000000701e00000| Untracked 
|  13|0x0000000701f00000, 0x0000000701f00000, 0x0000000702000000|  0%| F|  |TAMS 0x0000000701f00000, 0x0000000701f00000| Untracked 
|  14|0x0000000702000000, 0x0000000702000000, 0x0000000702100000|  0%| F|  |TAMS 0x0000000702000000, 0x0000000702000000| Untracked 
|  15|0x0000000702100000, 0x0000000702100000, 0x0000000702200000|  0%| F|  |TAMS 0x0000000702100000, 0x0000000702100000| Untracked 
|  16|0x0000000702200000, 0x0000000702200000, 0x0000000702300000|  0%| F|  |TAMS 0x0000000702200000, 0x0000000702200000| Untracked 
|  17|0x0000000702300000, 0x0000000702300000, 0x0000000702400000|  0%| F|  |TAMS 0x0000000702300000, 0x0000000702300000| Untracked 
|  18|0x0000000702400000, 0x0000000702400000, 0x0000000702500000|  0%| F|  |TAMS 0x0000000702400000, 0x0000000702400000| Untracked 
|  19|0x0000000702500000, 0x0000000702500000, 0x0000000702600000|  0%| F|  |TAMS 0x0000000702500000, 0x0000000702500000| Untracked 
|  20|0x0000000702600000, 0x0000000702600000, 0x0000000702700000|  0%| F|  |TAMS 0x0000000702600000, 0x0000000702600000| Untracked 
|  21|0x0000000702700000, 0x0000000702700000, 0x0000000702800000|  0%| F|  |TAMS 0x0000000702700000, 0x0000000702700000| Untracked 
|  22|0x0000000702800000, 0x0000000702800000, 0x0000000702900000|  0%| F|  |TAMS 0x0000000702800000, 0x0000000702800000| Untracked 
|  23|0x0000000702900000, 0x0000000702900000, 0x0000000702a00000|  0%| F|  |TAMS 0x0000000702900000, 0x0000000702900000| Untracked 
|  24|0x0000000702a00000, 0x0000000702a00000, 0x0000000702b00000|  0%| F|  |TAMS 0x0000000702a00000, 0x0000000702a00000| Untracked 
|  25|0x0000000702b00000, 0x0000000702b00000, 0x0000000702c00000|  0%| F|  |TAMS 0x0000000702b00000, 0x0000000702b00000| Untracked 
|  26|0x0000000702c00000, 0x0000000702c00000, 0x0000000702d00000|  0%| F|  |TAMS 0x0000000702c00000, 0x0000000702c00000| Untracked 
|  27|0x0000000702d00000, 0x0000000702d00000, 0x0000000702e00000|  0%| F|  |TAMS 0x0000000702d00000, 0x0000000702d00000| Untracked 
|  28|0x0000000702e00000, 0x0000000702e00000, 0x0000000702f00000|  0%| F|  |TAMS 0x0000000702e00000, 0x0000000702e00000| Untracked 
|  29|0x0000000702f00000, 0x0000000702f00000, 0x0000000703000000|  0%| F|  |TAMS 0x0000000702f00000, 0x0000000702f00000| Untracked 
|  30|0x0000000703000000, 0x0000000703000000, 0x0000000703100000|  0%| F|  |TAMS 0x0000000703000000, 0x0000000703000000| Untracked 
|  31|0x0000000703100000, 0x0000000703100000, 0x0000000703200000|  0%| F|  |TAMS 0x0000000703100000, 0x0000000703100000| Untracked 
|  32|0x0000000703200000, 0x0000000703200000, 0x0000000703300000|  0%| F|  |TAMS 0x0000000703200000, 0x0000000703200000| Untracked 
|  33|0x0000000703300000, 0x0000000703300000, 0x0000000703400000|  0%| F|  |TAMS 0x0000000703300000, 0x0000000703300000| Untracked 
|  34|0x0000000703400000, 0x0000000703400000, 0x0000000703500000|  0%| F|  |TAMS 0x0000000703400000, 0x0000000703400000| Untracked 
|  35|0x0000000703500000, 0x0000000703500000, 0x0000000703600000|  0%| F|  |TAMS 0x0000000703500000, 0x0000000703500000| Untracked 
|  36|0x0000000703600000, 0x0000000703600000, 0x0000000703700000|  0%| F|  |TAMS 0x0000000703600000, 0x0000000703600000| Untracked 
|  37|0x0000000703700000, 0x0000000703700000, 0x0000000703800000|  0%| F|  |TAMS 0x0000000703700000, 0x0000000703700000| Untracked 
|  38|0x0000000703800000, 0x0000000703800000, 0x0000000703900000|  0%| F|  |TAMS 0x0000000703800000, 0x0000000703800000| Untracked 
|  39|0x0000000703900000, 0x0000000703900000, 0x0000000703a00000|  0%| F|  |TAMS 0x0000000703900000, 0x0000000703900000| Untracked 
|  40|0x0000000703a00000, 0x0000000703a00000, 0x0000000703b00000|  0%| F|  |TAMS 0x0000000703a00000, 0x0000000703a00000| Untracked 
|  41|0x0000000703b00000, 0x0000000703b00000, 0x0000000703c00000|  0%| F|  |TAMS 0x0000000703b00000, 0x0000000703b00000| Untracked 
|  42|0x0000000703c00000, 0x0000000703c00000, 0x0000000703d00000|  0%| F|  |TAMS 0x0000000703c00000, 0x0000000703c00000| Untracked 
|  43|0x0000000703d00000, 0x0000000703d00000, 0x0000000703e00000|  0%| F|  |TAMS 0x0000000703d00000, 0x0000000703d00000| Untracked 
|  44|0x0000000703e00000, 0x0000000703e00000, 0x0000000703f00000|  0%| F|  |TAMS 0x0000000703e00000, 0x0000000703e00000| Untracked 
|  45|0x0000000703f00000, 0x0000000703f00000, 0x0000000704000000|  0%| F|  |TAMS 0x0000000703f00000, 0x0000000703f00000| Untracked 
|  46|0x0000000704000000, 0x0000000704000000, 0x0000000704100000|  0%| F|  |TAMS 0x0000000704000000, 0x0000000704000000| Untracked 
|  47|0x0000000704100000, 0x0000000704100000, 0x0000000704200000|  0%| F|  |TAMS 0x0000000704100000, 0x0000000704100000| Untracked 
|  48|0x0000000704200000, 0x0000000704200000, 0x0000000704300000|  0%| F|  |TAMS 0x0000000704200000, 0x0000000704200000| Untracked 
|  49|0x0000000704300000, 0x0000000704300000, 0x0000000704400000|  0%| F|  |TAMS 0x0000000704300000, 0x0000000704300000| Untracked 
|  50|0x0000000704400000, 0x0000000704400000, 0x0000000704500000|  0%| F|  |TAMS 0x0000000704400000, 0x0000000704400000| Untracked 
|  51|0x0000000704500000, 0x0000000704500000, 0x0000000704600000|  0%| F|  |TAMS 0x0000000704500000, 0x0000000704500000| Untracked 
|  52|0x0000000704600000, 0x0000000704600000, 0x0000000704700000|  0%| F|  |TAMS 0x0000000704600000, 0x0000000704600000| Untracked 
|  53|0x0000000704700000, 0x0000000704700000, 0x0000000704800000|  0%| F|  |TAMS 0x0000000704700000, 0x0000000704700000| Untracked 
|  54|0x0000000704800000, 0x0000000704800000, 0x0000000704900000|  0%| F|  |TAMS 0x0000000704800000, 0x0000000704800000| Untracked 
|  55|0x0000000704900000, 0x0000000704900000, 0x0000000704a00000|  0%| F|  |TAMS 0x0000000704900000, 0x0000000704900000| Untracked 
|  56|0x0000000704a00000, 0x0000000704a00000, 0x0000000704b00000|  0%| F|  |TAMS 0x0000000704a00000, 0x0000000704a00000| Untracked 
|  57|0x0000000704b00000, 0x0000000704b00000, 0x0000000704c00000|  0%| F|  |TAMS 0x0000000704b00000, 0x0000000704b00000| Untracked 
|  58|0x0000000704c00000, 0x0000000704c00000, 0x0000000704d00000|  0%| F|  |TAMS 0x0000000704c00000, 0x0000000704c00000| Untracked 
|  59|0x0000000704d00000, 0x0000000704d00000, 0x0000000704e00000|  0%| F|  |TAMS 0x0000000704d00000, 0x0000000704d00000| Untracked 
|  60|0x0000000704e00000, 0x0000000704e00000, 0x0000000704f00000|  0%| F|  |TAMS 0x0000000704e00000, 0x0000000704e00000| Untracked 
|  61|0x0000000704f00000, 0x0000000704f00000, 0x0000000705000000|  0%| F|  |TAMS 0x0000000704f00000, 0x0000000704f00000| Untracked 
|  62|0x0000000705000000, 0x0000000705000000, 0x0000000705100000|  0%| F|  |TAMS 0x0000000705000000, 0x0000000705000000| Untracked 
|  63|0x0000000705100000, 0x0000000705100000, 0x0000000705200000|  0%| F|  |TAMS 0x0000000705100000, 0x0000000705100000| Untracked 
|  64|0x0000000705200000, 0x0000000705200000, 0x0000000705300000|  0%| F|  |TAMS 0x0000000705200000, 0x0000000705200000| Untracked 
|  65|0x0000000705300000, 0x0000000705300000, 0x0000000705400000|  0%| F|  |TAMS 0x0000000705300000, 0x0000000705300000| Untracked 
|  66|0x0000000705400000, 0x0000000705400000, 0x0000000705500000|  0%| F|  |TAMS 0x0000000705400000, 0x0000000705400000| Untracked 
|  67|0x0000000705500000, 0x0000000705500000, 0x0000000705600000|  0%| F|  |TAMS 0x0000000705500000, 0x0000000705500000| Untracked 
|  68|0x0000000705600000, 0x0000000705600000, 0x0000000705700000|  0%| F|  |TAMS 0x0000000705600000, 0x0000000705600000| Untracked 
|  69|0x0000000705700000, 0x0000000705700000, 0x0000000705800000|  0%| F|  |TAMS 0x0000000705700000, 0x0000000705700000| Untracked 
|  70|0x0000000705800000, 0x0000000705800000, 0x0000000705900000|  0%| F|  |TAMS 0x0000000705800000, 0x0000000705800000| Untracked 
|  71|0x0000000705900000, 0x0000000705900000, 0x0000000705a00000|  0%| F|  |TAMS 0x0000000705900000, 0x0000000705900000| Untracked 
|  72|0x0000000705a00000, 0x0000000705a00000, 0x0000000705b00000|  0%| F|  |TAMS 0x0000000705a00000, 0x0000000705a00000| Untracked 
|  73|0x0000000705b00000, 0x0000000705b00000, 0x0000000705c00000|  0%| F|  |TAMS 0x0000000705b00000, 0x0000000705b00000| Untracked 
|  74|0x0000000705c00000, 0x0000000705c00000, 0x0000000705d00000|  0%| F|  |TAMS 0x0000000705c00000, 0x0000000705c00000| Untracked 
|  75|0x0000000705d00000, 0x0000000705d00000, 0x0000000705e00000|  0%| F|  |TAMS 0x0000000705d00000, 0x0000000705d00000| Untracked 
|  76|0x0000000705e00000, 0x0000000705e00000, 0x0000000705f00000|  0%| F|  |TAMS 0x0000000705e00000, 0x0000000705e00000| Untracked 
|  77|0x0000000705f00000, 0x0000000705f00000, 0x0000000706000000|  0%| F|  |TAMS 0x0000000705f00000, 0x0000000705f00000| Untracked 
|  78|0x0000000706000000, 0x0000000706000000, 0x0000000706100000|  0%| F|  |TAMS 0x0000000706000000, 0x0000000706000000| Untracked 
|  79|0x0000000706100000, 0x0000000706100000, 0x0000000706200000|  0%| F|  |TAMS 0x0000000706100000, 0x0000000706100000| Untracked 
|  80|0x0000000706200000, 0x0000000706200000, 0x0000000706300000|  0%| F|  |TAMS 0x0000000706200000, 0x0000000706200000| Untracked 
|  81|0x0000000706300000, 0x0000000706300000, 0x0000000706400000|  0%| F|  |TAMS 0x0000000706300000, 0x0000000706300000| Untracked 
|  82|0x0000000706400000, 0x0000000706400000, 0x0000000706500000|  0%| F|  |TAMS 0x0000000706400000, 0x0000000706400000| Untracked 
|  83|0x0000000706500000, 0x0000000706500000, 0x0000000706600000|  0%| F|  |TAMS 0x0000000706500000, 0x0000000706500000| Untracked 
|  84|0x0000000706600000, 0x0000000706600000, 0x0000000706700000|  0%| F|  |TAMS 0x0000000706600000, 0x0000000706600000| Untracked 
|  85|0x0000000706700000, 0x0000000706700000, 0x0000000706800000|  0%| F|  |TAMS 0x0000000706700000, 0x0000000706700000| Untracked 
|  86|0x0000000706800000, 0x0000000706800000, 0x0000000706900000|  0%| F|  |TAMS 0x0000000706800000, 0x0000000706800000| Untracked 
|  87|0x0000000706900000, 0x0000000706900000, 0x0000000706a00000|  0%| F|  |TAMS 0x0000000706900000, 0x0000000706900000| Untracked 
|  88|0x0000000706a00000, 0x0000000706a00000, 0x0000000706b00000|  0%| F|  |TAMS 0x0000000706a00000, 0x0000000706a00000| Untracked 
|  89|0x0000000706b00000, 0x0000000706b00000, 0x0000000706c00000|  0%| F|  |TAMS 0x0000000706b00000, 0x0000000706b00000| Untracked 
|  90|0x0000000706c00000, 0x0000000706c00000, 0x0000000706d00000|  0%| F|  |TAMS 0x0000000706c00000, 0x0000000706c00000| Untracked 
|  91|0x0000000706d00000, 0x0000000706d00000, 0x0000000706e00000|  0%| F|  |TAMS 0x0000000706d00000, 0x0000000706d00000| Untracked 
|  92|0x0000000706e00000, 0x0000000706e00000, 0x0000000706f00000|  0%| F|  |TAMS 0x0000000706e00000, 0x0000000706e00000| Untracked 
|  93|0x0000000706f00000, 0x0000000706f00000, 0x0000000707000000|  0%| F|  |TAMS 0x0000000706f00000, 0x0000000706f00000| Untracked 
|  94|0x0000000707000000, 0x0000000707000000, 0x0000000707100000|  0%| F|  |TAMS 0x0000000707000000, 0x0000000707000000| Untracked 
|  95|0x0000000707100000, 0x0000000707100000, 0x0000000707200000|  0%| F|  |TAMS 0x0000000707100000, 0x0000000707100000| Untracked 
|  96|0x0000000707200000, 0x0000000707200000, 0x0000000707300000|  0%| F|  |TAMS 0x0000000707200000, 0x0000000707200000| Untracked 
|  97|0x0000000707300000, 0x0000000707300000, 0x0000000707400000|  0%| F|  |TAMS 0x0000000707300000, 0x0000000707300000| Untracked 
|  98|0x0000000707400000, 0x0000000707400000, 0x0000000707500000|  0%| F|  |TAMS 0x0000000707400000, 0x0000000707400000| Untracked 
|  99|0x0000000707500000, 0x0000000707500000, 0x0000000707600000|  0%| F|  |TAMS 0x0000000707500000, 0x0000000707500000| Untracked 
| 100|0x0000000707600000, 0x0000000707600000, 0x0000000707700000|  0%| F|  |TAMS 0x0000000707600000, 0x0000000707600000| Untracked 
| 101|0x0000000707700000, 0x0000000707700000, 0x0000000707800000|  0%| F|  |TAMS 0x0000000707700000, 0x0000000707700000| Untracked 
| 102|0x0000000707800000, 0x0000000707800000, 0x0000000707900000|  0%| F|  |TAMS 0x0000000707800000, 0x0000000707800000| Untracked 
| 103|0x0000000707900000, 0x0000000707900000, 0x0000000707a00000|  0%| F|  |TAMS 0x0000000707900000, 0x0000000707900000| Untracked 
| 104|0x0000000707a00000, 0x0000000707a00000, 0x0000000707b00000|  0%| F|  |TAMS 0x0000000707a00000, 0x0000000707a00000| Untracked 
| 105|0x0000000707b00000, 0x0000000707b00000, 0x0000000707c00000|  0%| F|  |TAMS 0x0000000707b00000, 0x0000000707b00000| Untracked 
| 106|0x0000000707c00000, 0x0000000707c00000, 0x0000000707d00000|  0%| F|  |TAMS 0x0000000707c00000, 0x0000000707c00000| Untracked 
| 107|0x0000000707d00000, 0x0000000707d00000, 0x0000000707e00000|  0%| F|  |TAMS 0x0000000707d00000, 0x0000000707d00000| Untracked 
| 108|0x0000000707e00000, 0x0000000707e00000, 0x0000000707f00000|  0%| F|  |TAMS 0x0000000707e00000, 0x0000000707e00000| Untracked 
| 109|0x0000000707f00000, 0x0000000707f00000, 0x0000000708000000|  0%| F|  |TAMS 0x0000000707f00000, 0x0000000707f00000| Untracked 
| 110|0x0000000708000000, 0x0000000708000000, 0x0000000708100000|  0%| F|  |TAMS 0x0000000708000000, 0x0000000708000000| Untracked 
| 111|0x0000000708100000, 0x0000000708100000, 0x0000000708200000|  0%| F|  |TAMS 0x0000000708100000, 0x0000000708100000| Untracked 
| 112|0x0000000708200000, 0x0000000708200000, 0x0000000708300000|  0%| F|  |TAMS 0x0000000708200000, 0x0000000708200000| Untracked 
| 113|0x0000000708300000, 0x0000000708300000, 0x0000000708400000|  0%| F|  |TAMS 0x0000000708300000, 0x0000000708300000| Untracked 
| 114|0x0000000708400000, 0x0000000708400000, 0x0000000708500000|  0%| F|  |TAMS 0x0000000708400000, 0x0000000708400000| Untracked 
| 115|0x0000000708500000, 0x0000000708500000, 0x0000000708600000|  0%| F|  |TAMS 0x0000000708500000, 0x0000000708500000| Untracked 
| 116|0x0000000708600000, 0x0000000708600000, 0x0000000708700000|  0%| F|  |TAMS 0x0000000708600000, 0x0000000708600000| Untracked 
| 117|0x0000000708700000, 0x0000000708700000, 0x0000000708800000|  0%| F|  |TAMS 0x0000000708700000, 0x0000000708700000| Untracked 
| 118|0x0000000708800000, 0x0000000708800000, 0x0000000708900000|  0%| F|  |TAMS 0x0000000708800000, 0x0000000708800000| Untracked 
| 119|0x0000000708900000, 0x0000000708900000, 0x0000000708a00000|  0%| F|  |TAMS 0x0000000708900000, 0x0000000708900000| Untracked 
| 120|0x0000000708a00000, 0x0000000708a00000, 0x0000000708b00000|  0%| F|  |TAMS 0x0000000708a00000, 0x0000000708a00000| Untracked 
| 121|0x0000000708b00000, 0x0000000708b00000, 0x0000000708c00000|  0%| F|  |TAMS 0x0000000708b00000, 0x0000000708b00000| Untracked 
| 122|0x0000000708c00000, 0x0000000708c00000, 0x0000000708d00000|  0%| F|  |TAMS 0x0000000708c00000, 0x0000000708c00000| Untracked 
| 123|0x0000000708d00000, 0x0000000708d00000, 0x0000000708e00000|  0%| F|  |TAMS 0x0000000708d00000, 0x0000000708d00000| Untracked 
| 124|0x0000000708e00000, 0x0000000708e00000, 0x0000000708f00000|  0%| F|  |TAMS 0x0000000708e00000, 0x0000000708e00000| Untracked 
| 125|0x0000000708f00000, 0x0000000708f00000, 0x0000000709000000|  0%| F|  |TAMS 0x0000000708f00000, 0x0000000708f00000| Untracked 
| 126|0x0000000709000000, 0x0000000709000000, 0x0000000709100000|  0%| F|  |TAMS 0x0000000709000000, 0x0000000709000000| Untracked 
| 127|0x0000000709100000, 0x0000000709100000, 0x0000000709200000|  0%| F|  |TAMS 0x0000000709100000, 0x0000000709100000| Untracked 
| 128|0x0000000709200000, 0x0000000709200000, 0x0000000709300000|  0%| F|  |TAMS 0x0000000709200000, 0x0000000709200000| Untracked 
| 129|0x0000000709300000, 0x0000000709300000, 0x0000000709400000|  0%| F|  |TAMS 0x0000000709300000, 0x0000000709300000| Untracked 
| 130|0x0000000709400000, 0x0000000709400000, 0x0000000709500000|  0%| F|  |TAMS 0x0000000709400000, 0x0000000709400000| Untracked 
| 131|0x0000000709500000, 0x0000000709500000, 0x0000000709600000|  0%| F|  |TAMS 0x0000000709500000, 0x0000000709500000| Untracked 
| 132|0x0000000709600000, 0x0000000709600000, 0x0000000709700000|  0%| F|  |TAMS 0x0000000709600000, 0x0000000709600000| Untracked 
| 133|0x0000000709700000, 0x0000000709700000, 0x0000000709800000|  0%| F|  |TAMS 0x0000000709700000, 0x0000000709700000| Untracked 
| 134|0x0000000709800000, 0x0000000709800000, 0x0000000709900000|  0%| F|  |TAMS 0x0000000709800000, 0x0000000709800000| Untracked 
| 135|0x0000000709900000, 0x0000000709900000, 0x0000000709a00000|  0%| F|  |TAMS 0x0000000709900000, 0x0000000709900000| Untracked 
| 136|0x0000000709a00000, 0x0000000709a00000, 0x0000000709b00000|  0%| F|  |TAMS 0x0000000709a00000, 0x0000000709a00000| Untracked 
| 137|0x0000000709b00000, 0x0000000709b00000, 0x0000000709c00000|  0%| F|  |TAMS 0x0000000709b00000, 0x0000000709b00000| Untracked 
| 138|0x0000000709c00000, 0x0000000709c00000, 0x0000000709d00000|  0%| F|  |TAMS 0x0000000709c00000, 0x0000000709c00000| Untracked 
| 139|0x0000000709d00000, 0x0000000709d00000, 0x0000000709e00000|  0%| F|  |TAMS 0x0000000709d00000, 0x0000000709d00000| Untracked 
| 140|0x0000000709e00000, 0x0000000709e00000, 0x0000000709f00000|  0%| F|  |TAMS 0x0000000709e00000, 0x0000000709e00000| Untracked 
| 141|0x0000000709f00000, 0x0000000709f00000, 0x000000070a000000|  0%| F|  |TAMS 0x0000000709f00000, 0x0000000709f00000| Untracked 
| 142|0x000000070a000000, 0x000000070a000000, 0x000000070a100000|  0%| F|  |TAMS 0x000000070a000000, 0x000000070a000000| Untracked 
| 143|0x000000070a100000, 0x000000070a100000, 0x000000070a200000|  0%| F|  |TAMS 0x000000070a100000, 0x000000070a100000| Untracked 
| 144|0x000000070a200000, 0x000000070a200000, 0x000000070a300000|  0%| F|  |TAMS 0x000000070a200000, 0x000000070a200000| Untracked 
| 145|0x000000070a300000, 0x000000070a300000, 0x000000070a400000|  0%| F|  |TAMS 0x000000070a300000, 0x000000070a300000| Untracked 
| 146|0x000000070a400000, 0x000000070a400000, 0x000000070a500000|  0%| F|  |TAMS 0x000000070a400000, 0x000000070a400000| Untracked 
| 147|0x000000070a500000, 0x000000070a500000, 0x000000070a600000|  0%| F|  |TAMS 0x000000070a500000, 0x000000070a500000| Untracked 
| 148|0x000000070a600000, 0x000000070a600000, 0x000000070a700000|  0%| F|  |TAMS 0x000000070a600000, 0x000000070a600000| Untracked 
| 149|0x000000070a700000, 0x000000070a700000, 0x000000070a800000|  0%| F|  |TAMS 0x000000070a700000, 0x000000070a700000| Untracked 
| 150|0x000000070a800000, 0x000000070a800000, 0x000000070a900000|  0%| F|  |TAMS 0x000000070a800000, 0x000000070a800000| Untracked 
| 151|0x000000070a900000, 0x000000070a900000, 0x000000070aa00000|  0%| F|  |TAMS 0x000000070a900000, 0x000000070a900000| Untracked 
| 152|0x000000070aa00000, 0x000000070aa00000, 0x000000070ab00000|  0%| F|  |TAMS 0x000000070aa00000, 0x000000070aa00000| Untracked 
| 153|0x000000070ab00000, 0x000000070ab00000, 0x000000070ac00000|  0%| F|  |TAMS 0x000000070ab00000, 0x000000070ab00000| Untracked 
| 154|0x000000070ac00000, 0x000000070ac00000, 0x000000070ad00000|  0%| F|  |TAMS 0x000000070ac00000, 0x000000070ac00000| Untracked 
| 155|0x000000070ad00000, 0x000000070ad00000, 0x000000070ae00000|  0%| F|  |TAMS 0x000000070ad00000, 0x000000070ad00000| Untracked 
| 156|0x000000070ae00000, 0x000000070ae00000, 0x000000070af00000|  0%| F|  |TAMS 0x000000070ae00000, 0x000000070ae00000| Untracked 
| 157|0x000000070af00000, 0x000000070af00000, 0x000000070b000000|  0%| F|  |TAMS 0x000000070af00000, 0x000000070af00000| Untracked 
| 158|0x000000070b000000, 0x000000070b000000, 0x000000070b100000|  0%| F|  |TAMS 0x000000070b000000, 0x000000070b000000| Untracked 
| 159|0x000000070b100000, 0x000000070b100000, 0x000000070b200000|  0%| F|  |TAMS 0x000000070b100000, 0x000000070b100000| Untracked 
| 160|0x000000070b200000, 0x000000070b200000, 0x000000070b300000|  0%| F|  |TAMS 0x000000070b200000, 0x000000070b200000| Untracked 
| 161|0x000000070b300000, 0x000000070b300000, 0x000000070b400000|  0%| F|  |TAMS 0x000000070b300000, 0x000000070b300000| Untracked 
| 162|0x000000070b400000, 0x000000070b400000, 0x000000070b500000|  0%| F|  |TAMS 0x000000070b400000, 0x000000070b400000| Untracked 
| 163|0x000000070b500000, 0x000000070b500000, 0x000000070b600000|  0%| F|  |TAMS 0x000000070b500000, 0x000000070b500000| Untracked 
| 164|0x000000070b600000, 0x000000070b600000, 0x000000070b700000|  0%| F|  |TAMS 0x000000070b600000, 0x000000070b600000| Untracked 
| 165|0x000000070b700000, 0x000000070b700000, 0x000000070b800000|  0%| F|  |TAMS 0x000000070b700000, 0x000000070b700000| Untracked 
| 166|0x000000070b800000, 0x000000070b800000, 0x000000070b900000|  0%| F|  |TAMS 0x000000070b800000, 0x000000070b800000| Untracked 
| 167|0x000000070b900000, 0x000000070b900000, 0x000000070ba00000|  0%| F|  |TAMS 0x000000070b900000, 0x000000070b900000| Untracked 
| 168|0x000000070ba00000, 0x000000070ba00000, 0x000000070bb00000|  0%| F|  |TAMS 0x000000070ba00000, 0x000000070ba00000| Untracked 
| 169|0x000000070bb00000, 0x000000070bb00000, 0x000000070bc00000|  0%| F|  |TAMS 0x000000070bb00000, 0x000000070bb00000| Untracked 
| 170|0x000000070bc00000, 0x000000070bc00000, 0x000000070bd00000|  0%| F|  |TAMS 0x000000070bc00000, 0x000000070bc00000| Untracked 
| 171|0x000000070bd00000, 0x000000070bd00000, 0x000000070be00000|  0%| F|  |TAMS 0x000000070bd00000, 0x000000070bd00000| Untracked 
| 172|0x000000070be00000, 0x000000070be00000, 0x000000070bf00000|  0%| F|  |TAMS 0x000000070be00000, 0x000000070be00000| Untracked 
| 173|0x000000070bf00000, 0x000000070bf00000, 0x000000070c000000|  0%| F|  |TAMS 0x000000070bf00000, 0x000000070bf00000| Untracked 
| 174|0x000000070c000000, 0x000000070c000000, 0x000000070c100000|  0%| F|  |TAMS 0x000000070c000000, 0x000000070c000000| Untracked 
| 175|0x000000070c100000, 0x000000070c100000, 0x000000070c200000|  0%| F|  |TAMS 0x000000070c100000, 0x000000070c100000| Untracked 
| 176|0x000000070c200000, 0x000000070c200000, 0x000000070c300000|  0%| F|  |TAMS 0x000000070c200000, 0x000000070c200000| Untracked 
| 177|0x000000070c300000, 0x000000070c300000, 0x000000070c400000|  0%| F|  |TAMS 0x000000070c300000, 0x000000070c300000| Untracked 
| 178|0x000000070c400000, 0x000000070c400000, 0x000000070c500000|  0%| F|  |TAMS 0x000000070c400000, 0x000000070c400000| Untracked 
| 179|0x000000070c500000, 0x000000070c500000, 0x000000070c600000|  0%| F|  |TAMS 0x000000070c500000, 0x000000070c500000| Untracked 
| 180|0x000000070c600000, 0x000000070c600000, 0x000000070c700000|  0%| F|  |TAMS 0x000000070c600000, 0x000000070c600000| Untracked 
| 181|0x000000070c700000, 0x000000070c700000, 0x000000070c800000|  0%| F|  |TAMS 0x000000070c700000, 0x000000070c700000| Untracked 
| 182|0x000000070c800000, 0x000000070c800000, 0x000000070c900000|  0%| F|  |TAMS 0x000000070c800000, 0x000000070c800000| Untracked 
| 183|0x000000070c900000, 0x000000070c900000, 0x000000070ca00000|  0%| F|  |TAMS 0x000000070c900000, 0x000000070c900000| Untracked 
| 184|0x000000070ca00000, 0x000000070ca00000, 0x000000070cb00000|  0%| F|  |TAMS 0x000000070ca00000, 0x000000070ca00000| Untracked 
| 185|0x000000070cb00000, 0x000000070cb00000, 0x000000070cc00000|  0%| F|  |TAMS 0x000000070cb00000, 0x000000070cb00000| Untracked 
| 186|0x000000070cc00000, 0x000000070cc00000, 0x000000070cd00000|  0%| F|  |TAMS 0x000000070cc00000, 0x000000070cc00000| Untracked 
| 187|0x000000070cd00000, 0x000000070cd00000, 0x000000070ce00000|  0%| F|  |TAMS 0x000000070cd00000, 0x000000070cd00000| Untracked 
| 188|0x000000070ce00000, 0x000000070ce00000, 0x000000070cf00000|  0%| F|  |TAMS 0x000000070ce00000, 0x000000070ce00000| Untracked 
| 189|0x000000070cf00000, 0x000000070cf00000, 0x000000070d000000|  0%| F|  |TAMS 0x000000070cf00000, 0x000000070cf00000| Untracked 
| 190|0x000000070d000000, 0x000000070d000000, 0x000000070d100000|  0%| F|  |TAMS 0x000000070d000000, 0x000000070d000000| Untracked 
| 191|0x000000070d100000, 0x000000070d100000, 0x000000070d200000|  0%| F|  |TAMS 0x000000070d100000, 0x000000070d100000| Untracked 
| 192|0x000000070d200000, 0x000000070d200000, 0x000000070d300000|  0%| F|  |TAMS 0x000000070d200000, 0x000000070d200000| Untracked 
| 193|0x000000070d300000, 0x000000070d300000, 0x000000070d400000|  0%| F|  |TAMS 0x000000070d300000, 0x000000070d300000| Untracked 
| 194|0x000000070d400000, 0x000000070d400000, 0x000000070d500000|  0%| F|  |TAMS 0x000000070d400000, 0x000000070d400000| Untracked 
| 195|0x000000070d500000, 0x000000070d500000, 0x000000070d600000|  0%| F|  |TAMS 0x000000070d500000, 0x000000070d500000| Untracked 
| 196|0x000000070d600000, 0x000000070d600000, 0x000000070d700000|  0%| F|  |TAMS 0x000000070d600000, 0x000000070d600000| Untracked 
| 197|0x000000070d700000, 0x000000070d700000, 0x000000070d800000|  0%| F|  |TAMS 0x000000070d700000, 0x000000070d700000| Untracked 
| 198|0x000000070d800000, 0x000000070d800000, 0x000000070d900000|  0%| F|  |TAMS 0x000000070d800000, 0x000000070d800000| Untracked 
| 199|0x000000070d900000, 0x000000070d900000, 0x000000070da00000|  0%| F|  |TAMS 0x000000070d900000, 0x000000070d900000| Untracked 
| 200|0x000000070da00000, 0x000000070da00000, 0x000000070db00000|  0%| F|  |TAMS 0x000000070da00000, 0x000000070da00000| Untracked 
| 201|0x000000070db00000, 0x000000070db00000, 0x000000070dc00000|  0%| F|  |TAMS 0x000000070db00000, 0x000000070db00000| Untracked 
| 202|0x000000070dc00000, 0x000000070dc00000, 0x000000070dd00000|  0%| F|  |TAMS 0x000000070dc00000, 0x000000070dc00000| Untracked 
| 203|0x000000070dd00000, 0x000000070dd00000, 0x000000070de00000|  0%| F|  |TAMS 0x000000070dd00000, 0x000000070dd00000| Untracked 
| 204|0x000000070de00000, 0x000000070de00000, 0x000000070df00000|  0%| F|  |TAMS 0x000000070de00000, 0x000000070de00000| Untracked 
| 205|0x000000070df00000, 0x000000070df00000, 0x000000070e000000|  0%| F|  |TAMS 0x000000070df00000, 0x000000070df00000| Untracked 
| 206|0x000000070e000000, 0x000000070e000000, 0x000000070e100000|  0%| F|  |TAMS 0x000000070e000000, 0x000000070e000000| Untracked 
| 207|0x000000070e100000, 0x000000070e100000, 0x000000070e200000|  0%| F|  |TAMS 0x000000070e100000, 0x000000070e100000| Untracked 
| 208|0x000000070e200000, 0x000000070e200000, 0x000000070e300000|  0%| F|  |TAMS 0x000000070e200000, 0x000000070e200000| Untracked 
| 209|0x000000070e300000, 0x000000070e300000, 0x000000070e400000|  0%| F|  |TAMS 0x000000070e300000, 0x000000070e300000| Untracked 
| 210|0x000000070e400000, 0x000000070e400000, 0x000000070e500000|  0%| F|  |TAMS 0x000000070e400000, 0x000000070e400000| Untracked 
| 211|0x000000070e500000, 0x000000070e500000, 0x000000070e600000|  0%| F|  |TAMS 0x000000070e500000, 0x000000070e500000| Untracked 
| 212|0x000000070e600000, 0x000000070e600000, 0x000000070e700000|  0%| F|  |TAMS 0x000000070e600000, 0x000000070e600000| Untracked 
| 213|0x000000070e700000, 0x000000070e700000, 0x000000070e800000|  0%| F|  |TAMS 0x000000070e700000, 0x000000070e700000| Untracked 
| 214|0x000000070e800000, 0x000000070e800000, 0x000000070e900000|  0%| F|  |TAMS 0x000000070e800000, 0x000000070e800000| Untracked 
| 215|0x000000070e900000, 0x000000070e900000, 0x000000070ea00000|  0%| F|  |TAMS 0x000000070e900000, 0x000000070e900000| Untracked 
| 216|0x000000070ea00000, 0x000000070ea00000, 0x000000070eb00000|  0%| F|  |TAMS 0x000000070ea00000, 0x000000070ea00000| Untracked 
| 217|0x000000070eb00000, 0x000000070eb00000, 0x000000070ec00000|  0%| F|  |TAMS 0x000000070eb00000, 0x000000070eb00000| Untracked 
| 218|0x000000070ec00000, 0x000000070ec00000, 0x000000070ed00000|  0%| F|  |TAMS 0x000000070ec00000, 0x000000070ec00000| Untracked 
| 219|0x000000070ed00000, 0x000000070ed00000, 0x000000070ee00000|  0%| F|  |TAMS 0x000000070ed00000, 0x000000070ed00000| Untracked 
| 220|0x000000070ee00000, 0x000000070ee00000, 0x000000070ef00000|  0%| F|  |TAMS 0x000000070ee00000, 0x000000070ee00000| Untracked 
| 221|0x000000070ef00000, 0x000000070ef00000, 0x000000070f000000|  0%| F|  |TAMS 0x000000070ef00000, 0x000000070ef00000| Untracked 
| 222|0x000000070f000000, 0x000000070f000000, 0x000000070f100000|  0%| F|  |TAMS 0x000000070f000000, 0x000000070f000000| Untracked 
| 223|0x000000070f100000, 0x000000070f100000, 0x000000070f200000|  0%| F|  |TAMS 0x000000070f100000, 0x000000070f100000| Untracked 
| 224|0x000000070f200000, 0x000000070f200000, 0x000000070f300000|  0%| F|  |TAMS 0x000000070f200000, 0x000000070f200000| Untracked 
| 225|0x000000070f300000, 0x000000070f300000, 0x000000070f400000|  0%| F|  |TAMS 0x000000070f300000, 0x000000070f300000| Untracked 
| 226|0x000000070f400000, 0x000000070f400000, 0x000000070f500000|  0%| F|  |TAMS 0x000000070f400000, 0x000000070f400000| Untracked 
| 227|0x000000070f500000, 0x000000070f500000, 0x000000070f600000|  0%| F|  |TAMS 0x000000070f500000, 0x000000070f500000| Untracked 
| 228|0x000000070f600000, 0x000000070f600000, 0x000000070f700000|  0%| F|  |TAMS 0x000000070f600000, 0x000000070f600000| Untracked 
| 229|0x000000070f700000, 0x000000070f700000, 0x000000070f800000|  0%| F|  |TAMS 0x000000070f700000, 0x000000070f700000| Untracked 
| 230|0x000000070f800000, 0x000000070f800000, 0x000000070f900000|  0%| F|  |TAMS 0x000000070f800000, 0x000000070f800000| Untracked 
| 231|0x000000070f900000, 0x000000070f900000, 0x000000070fa00000|  0%| F|  |TAMS 0x000000070f900000, 0x000000070f900000| Untracked 
| 232|0x000000070fa00000, 0x000000070fb00000, 0x000000070fb00000|100%| S|CS|TAMS 0x000000070fa00000, 0x000000070fa00000| Complete 
| 233|0x000000070fb00000, 0x000000070fc00000, 0x000000070fc00000|100%| S|CS|TAMS 0x000000070fb00000, 0x000000070fb00000| Complete 
| 234|0x000000070fc00000, 0x000000070fd00000, 0x000000070fd00000|100%| S|CS|TAMS 0x000000070fc00000, 0x000000070fc00000| Complete 
| 235|0x000000070fd00000, 0x000000070fd00000, 0x000000070fe00000|  0%| F|  |TAMS 0x000000070fd00000, 0x000000070fd00000| Untracked 
| 236|0x000000070fe00000, 0x000000070fe00000, 0x000000070ff00000|  0%| F|  |TAMS 0x000000070fe00000, 0x000000070fe00000| Untracked 
| 237|0x000000070ff00000, 0x000000070ff00000, 0x0000000710000000|  0%| F|  |TAMS 0x000000070ff00000, 0x000000070ff00000| Untracked 
| 238|0x0000000710000000, 0x0000000710000000, 0x0000000710100000|  0%| F|  |TAMS 0x0000000710000000, 0x0000000710000000| Untracked 
| 239|0x0000000710100000, 0x0000000710100000, 0x0000000710200000|  0%| F|  |TAMS 0x0000000710100000, 0x0000000710100000| Untracked 
| 240|0x0000000710200000, 0x0000000710200000, 0x0000000710300000|  0%| F|  |TAMS 0x0000000710200000, 0x0000000710200000| Untracked 
| 241|0x0000000710300000, 0x0000000710300000, 0x0000000710400000|  0%| F|  |TAMS 0x0000000710300000, 0x0000000710300000| Untracked 
| 242|0x0000000710400000, 0x0000000710400000, 0x0000000710500000|  0%| F|  |TAMS 0x0000000710400000, 0x0000000710400000| Untracked 
| 243|0x0000000710500000, 0x0000000710500000, 0x0000000710600000|  0%| F|  |TAMS 0x0000000710500000, 0x0000000710500000| Untracked 
| 244|0x0000000710600000, 0x0000000710600000, 0x0000000710700000|  0%| F|  |TAMS 0x0000000710600000, 0x0000000710600000| Untracked 
| 245|0x0000000710700000, 0x0000000710700000, 0x0000000710800000|  0%| F|  |TAMS 0x0000000710700000, 0x0000000710700000| Untracked 
| 246|0x0000000710800000, 0x0000000710800000, 0x0000000710900000|  0%| F|  |TAMS 0x0000000710800000, 0x0000000710800000| Untracked 
| 247|0x0000000710900000, 0x0000000710900000, 0x0000000710a00000|  0%| F|  |TAMS 0x0000000710900000, 0x0000000710900000| Untracked 
| 248|0x0000000710a00000, 0x0000000710a00000, 0x0000000710b00000|  0%| F|  |TAMS 0x0000000710a00000, 0x0000000710a00000| Untracked 
| 249|0x0000000710b00000, 0x0000000710b00000, 0x0000000710c00000|  0%| F|  |TAMS 0x0000000710b00000, 0x0000000710b00000| Untracked 
| 250|0x0000000710c00000, 0x0000000710c00000, 0x0000000710d00000|  0%| F|  |TAMS 0x0000000710c00000, 0x0000000710c00000| Untracked 
| 251|0x0000000710d00000, 0x0000000710d00000, 0x0000000710e00000|  0%| F|  |TAMS 0x0000000710d00000, 0x0000000710d00000| Untracked 
| 252|0x0000000710e00000, 0x0000000710e00000, 0x0000000710f00000|  0%| F|  |TAMS 0x0000000710e00000, 0x0000000710e00000| Untracked 
| 253|0x0000000710f00000, 0x0000000710f00000, 0x0000000711000000|  0%| F|  |TAMS 0x0000000710f00000, 0x0000000710f00000| Untracked 
| 254|0x0000000711000000, 0x0000000711000000, 0x0000000711100000|  0%| F|  |TAMS 0x0000000711000000, 0x0000000711000000| Untracked 
| 255|0x0000000711100000, 0x0000000711100000, 0x0000000711200000|  0%| F|  |TAMS 0x0000000711100000, 0x0000000711100000| Untracked 

Card table byte_map: [0x0000022e20ec0000,0x0000022e216c0000] _byte_map_base: 0x0000022e1d6b7000

Marking Bits (Prev, Next): (CMBitMap*) 0x0000022e08aad3e8, (CMBitMap*) 0x0000022e08aad420
 Prev Bits: [0x0000022e21ec0000, 0x0000022e25e78000)
 Next Bits: [0x0000022e25e80000, 0x0000022e29e38000)

Polling page: 0x0000022e069e0000

Metaspace:

Usage:
  Non-class:     13.21 MB capacity,    13.03 MB ( 99%) used,   156.41 KB (  1%) free+waste,    21.06 KB ( <1%) overhead. 
      Class:      1.43 MB capacity,     1.34 MB ( 93%) used,    86.30 KB (  6%) free+waste,     9.19 KB ( <1%) overhead. 
       Both:     14.64 MB capacity,    14.38 MB ( 98%) used,   242.71 KB (  2%) free+waste,    30.25 KB ( <1%) overhead. 

Virtual space:
  Non-class space:       22.00 MB reserved,      13.25 MB ( 60%) committed 
      Class space:        1.00 GB reserved,       1.50 MB ( <1%) committed 
             Both:        1.02 GB reserved,      14.75 MB (  1%) committed 

Chunk freelists:
   Non-Class:  43.00 KB
       Class:  3.00 KB
        Both:  46.00 KB

MaxMetaspaceSize: 17179869184.00 GB
CompressedClassSpaceSize: 1.00 GB
Initial GC threshold: 20.80 MB
Current GC threshold: 21.12 MB
CDS: off

CodeHeap 'non-profiled nmethods': size=120000Kb used=326Kb max_used=326Kb free=119673Kb
 bounds [0x0000022e18c40000, 0x0000022e18eb0000, 0x0000022e20170000]
CodeHeap 'profiled nmethods': size=120000Kb used=2258Kb max_used=2258Kb free=117742Kb
 bounds [0x0000022e11710000, 0x0000022e11980000, 0x0000022e18c40000]
CodeHeap 'non-nmethods': size=5760Kb used=1163Kb max_used=1175Kb free=4597Kb
 bounds [0x0000022e11170000, 0x0000022e113e0000, 0x0000022e11710000]
 total_blobs=1547 nmethods=1122 adapters=338
 compilation: enabled
              stopped_count=0, restarted_count=0
 full_count=0

Compilation events (20 events):
Event: 0.468 Thread 0x0000022e2dd87800 nmethod 1090 0x0000022e18c8f990 code [0x0000022e18c8fba0, 0x0000022e18c902f8]
Event: 0.468 Thread 0x0000022e2d4f7000 nmethod 1113 0x0000022e1193e690 code [0x0000022e1193e9c0, 0x0000022e1193ff48]
Event: 0.468 Thread 0x0000022e2d4f4000 1116       4       java.lang.System::getSecurityManager (4 bytes)
Event: 0.468 Thread 0x0000022e2d4f7000 1114       3       java.util.jar.Manifest$FastInputStream::readLine (9 bytes)
Event: 0.468 Thread 0x0000022e2d4f7000 nmethod 1114 0x0000022e11940590 code [0x0000022e11940740, 0x0000022e11940888]
Event: 0.468 Thread 0x0000022e2d4f7000 1115  s    3       java.io.ByteArrayOutputStream::write (43 bytes)
Event: 0.468 Thread 0x0000022e2d4f4000 nmethod 1116 0x0000022e18c90990 code [0x0000022e18c90b20, 0x0000022e18c90b78]
Event: 0.468 Thread 0x0000022e2d4f7000 nmethod 1115 0x0000022e11940990 code [0x0000022e11940ba0, 0x0000022e119411c8]
Event: 0.470 Thread 0x0000022e2dd87800 1117       4       java.lang.StringCoding::encodeUTF8 (132 bytes)
Event: 0.470 Thread 0x0000022e2d4f4000 1118       4       java.util.zip.ZipCoder$UTF8::getBytes (10 bytes)
Event: 0.471 Thread 0x0000022e2dd87800 nmethod 1117 0x0000022e18c90c90 code [0x0000022e18c90e20, 0x0000022e18c91058]
Event: 0.471 Thread 0x0000022e2dd87800 1119   !   4       java.util.zip.ZipFile::getEntry (73 bytes)
Event: 0.472 Thread 0x0000022e2d4f4000 nmethod 1118 0x0000022e18c91190 code [0x0000022e18c91340, 0x0000022e18c91598]
Event: 0.473 Thread 0x0000022e2d4f7000 1120       3       java.util.jar.JarFile::getVersionedEntry (85 bytes)
Event: 0.473 Thread 0x0000022e2d4f7000 nmethod 1120 0x0000022e11941410 code [0x0000022e11941720, 0x0000022e119427a8]
Event: 0.474 Thread 0x0000022e2d4f7000 1121  s    3       java.util.Vector::addElement (24 bytes)
Event: 0.474 Thread 0x0000022e2d4f7000 nmethod 1121 0x0000022e11942d90 code [0x0000022e11942fa0, 0x0000022e11943718]
Event: 0.474 Thread 0x0000022e2d4f7000 1123       3       java.lang.ClassLoader::addClass (9 bytes)
Event: 0.474 Thread 0x0000022e2d4f7000 nmethod 1123 0x0000022e11943990 code [0x0000022e11943ba0, 0x0000022e11944438]
Event: 0.474 Thread 0x0000022e2d4f7000 1124       3       java.util.Vector::add (23 bytes)

GC Heap History (2 events):
Event: 0.475 GC heap before
{Heap before GC invocations=0 (full 0):
 garbage-first heap   total 262144K, used 20480K [0x0000000701200000, 0x0000000800000000)
  region size 1024K, 21 young (21504K), 0 survivors (0K)
 Metaspace       used 14721K, capacity 14994K, committed 15104K, reserved 1069056K
  class space    used 1373K, capacity 1469K, committed 1536K, reserved 1048576K
}
Event: 0.479 GC heap after
{Heap after GC invocations=1 (full 0):
 garbage-first heap   total 262144K, used 3646K [0x0000000701200000, 0x0000000800000000)
  region size 1024K, 3 young (3072K), 3 survivors (3072K)
 Metaspace       used 14721K, capacity 14994K, committed 15104K, reserved 1069056K
  class space    used 1373K, capacity 1469K, committed 1536K, reserved 1048576K
}

Deoptimization events (20 events):
Event: 0.106 Thread 0x0000022e08a42800 DEOPT PACKING pc=0x0000022e11733c4b sp=0x0000007df05f9af0
Event: 0.106 Thread 0x0000022e08a42800 DEOPT UNPACKING pc=0x0000022e111ba95e sp=0x0000007df05f8fc0 mode 0
Event: 0.143 Thread 0x0000022e08a42800 DEOPT PACKING pc=0x0000022e11751242 sp=0x0000007df05f7730
Event: 0.143 Thread 0x0000022e08a42800 DEOPT UNPACKING pc=0x0000022e111ba95e sp=0x0000007df05f6b98 mode 0
Event: 0.144 Thread 0x0000022e08a42800 DEOPT PACKING pc=0x0000022e117427d0 sp=0x0000007df05ee140
Event: 0.144 Thread 0x0000022e08a42800 DEOPT UNPACKING pc=0x0000022e111ba95e sp=0x0000007df05ed5c8 mode 0
Event: 0.173 Thread 0x0000022e08a42800 DEOPT PACKING pc=0x0000022e117526b4 sp=0x0000007df05fbdd0
Event: 0.173 Thread 0x0000022e08a42800 DEOPT UNPACKING pc=0x0000022e111ba95e sp=0x0000007df05fb290 mode 1
Event: 0.173 Thread 0x0000022e08a42800 DEOPT PACKING pc=0x0000022e1175d704 sp=0x0000007df05fd970
Event: 0.173 Thread 0x0000022e08a42800 DEOPT UNPACKING pc=0x0000022e111ba95e sp=0x0000007df05fce88 mode 1
Event: 0.313 Thread 0x0000022e08a42800 Uncommon trap: trap_request=0xffffff4d fr.pc=0x0000022e18c50200 relative=0x0000000000000060
Event: 0.313 Thread 0x0000022e08a42800 Uncommon trap: reason=unstable_if action=reinterpret pc=0x0000022e18c50200 method=java.io.WinNTFileSystem.isSlash(C)Z @ 9 c2
Event: 0.313 Thread 0x0000022e08a42800 DEOPT PACKING pc=0x0000022e18c50200 sp=0x0000007df05fcbe0
Event: 0.313 Thread 0x0000022e08a42800 DEOPT UNPACKING pc=0x0000022e111ba1af sp=0x0000007df05fcb68 mode 2
Event: 0.431 Thread 0x0000022e08a42800 DEOPT PACKING pc=0x0000022e1180be5b sp=0x0000007df05fe190
Event: 0.431 Thread 0x0000022e08a42800 DEOPT UNPACKING pc=0x0000022e111ba95e sp=0x0000007df05fd608 mode 0
Event: 0.438 Thread 0x0000022e08a42800 Uncommon trap: trap_request=0xffffff4d fr.pc=0x0000022e18c7a8f0 relative=0x00000000000001d0
Event: 0.438 Thread 0x0000022e08a42800 Uncommon trap: reason=unstable_if action=reinterpret pc=0x0000022e18c7a8f0 method=java.lang.String.startsWith(Ljava/lang/String;I)Z @ 1 c2
Event: 0.438 Thread 0x0000022e08a42800 DEOPT PACKING pc=0x0000022e18c7a8f0 sp=0x0000007df05fb740
Event: 0.438 Thread 0x0000022e08a42800 DEOPT UNPACKING pc=0x0000022e111ba1af sp=0x0000007df05fb6b0 mode 2

Classes redefined (0 events):
No events

Internal exceptions (20 events):
Event: 0.414 Thread 0x0000022e08a42800 Exception <a 'sun/nio/fs/WindowsException'{0x00000007101f4ed8}> (0x00000007101f4ed8) thrown at [./src/hotspot/share/prims/jni.cpp, line 616]
Event: 0.414 Thread 0x0000022e08a42800 Exception <a 'sun/nio/fs/WindowsException'{0x00000007101f52e8}> (0x00000007101f52e8) thrown at [./src/hotspot/share/prims/jni.cpp, line 616]
Event: 0.414 Thread 0x0000022e08a42800 Exception <a 'sun/nio/fs/WindowsException'{0x00000007101f6518}> (0x00000007101f6518) thrown at [./src/hotspot/share/prims/jni.cpp, line 616]
Event: 0.415 Thread 0x0000022e08a42800 Exception <a 'sun/nio/fs/WindowsException'{0x00000007101f6928}> (0x00000007101f6928) thrown at [./src/hotspot/share/prims/jni.cpp, line 616]
Event: 0.415 Thread 0x0000022e08a42800 Exception <a 'sun/nio/fs/WindowsException'{0x00000007101f7370}> (0x00000007101f7370) thrown at [./src/hotspot/share/prims/jni.cpp, line 616]
Event: 0.415 Thread 0x0000022e08a42800 Exception <a 'sun/nio/fs/WindowsException'{0x00000007101f7760}> (0x00000007101f7760) thrown at [./src/hotspot/share/prims/jni.cpp, line 616]
Event: 0.417 Thread 0x0000022e08a42800 Exception <a 'sun/nio/fs/WindowsException'{0x00000007101fd748}> (0x00000007101fd748) thrown at [./src/hotspot/share/prims/jni.cpp, line 616]
Event: 0.417 Thread 0x0000022e08a42800 Exception <a 'sun/nio/fs/WindowsException'{0x00000007100078b0}> (0x00000007100078b0) thrown at [./src/hotspot/share/prims/jni.cpp, line 616]
Event: 0.417 Thread 0x0000022e08a42800 Exception <a 'sun/nio/fs/WindowsException'{0x0000000710007cd0}> (0x0000000710007cd0) thrown at [./src/hotspot/share/prims/jni.cpp, line 616]
Event: 0.426 Thread 0x0000022e08a42800 Exception <a 'sun/nio/fs/WindowsException'{0x0000000710053ff8}> (0x0000000710053ff8) thrown at [./src/hotspot/share/prims/jni.cpp, line 616]
Event: 0.427 Thread 0x0000022e08a42800 Exception <a 'sun/nio/fs/WindowsException'{0x000000071005db58}> (0x000000071005db58) thrown at [./src/hotspot/share/prims/jni.cpp, line 616]
Event: 0.428 Thread 0x0000022e08a42800 Exception <a 'sun/nio/fs/WindowsException'{0x000000071005df78}> (0x000000071005df78) thrown at [./src/hotspot/share/prims/jni.cpp, line 616]
Event: 0.432 Thread 0x0000022e08a42800 Exception <a 'sun/nio/fs/WindowsException'{0x0000000710099910}> (0x0000000710099910) thrown at [./src/hotspot/share/prims/jni.cpp, line 616]
Event: 0.433 Thread 0x0000022e08a42800 Exception <a 'sun/nio/fs/WindowsException'{0x00000007100a3420}> (0x00000007100a3420) thrown at [./src/hotspot/share/prims/jni.cpp, line 616]
Event: 0.433 Thread 0x0000022e08a42800 Exception <a 'sun/nio/fs/WindowsException'{0x00000007100a37e0}> (0x00000007100a37e0) thrown at [./src/hotspot/share/prims/jni.cpp, line 616]
Event: 0.434 Thread 0x0000022e08a42800 Exception <a 'sun/nio/fs/WindowsException'{0x00000007100a8688}> (0x00000007100a8688) thrown at [./src/hotspot/share/prims/jni.cpp, line 616]
Event: 0.443 Thread 0x0000022e08a42800 Exception <a 'sun/nio/fs/WindowsException'{0x000000070ff048e8}> (0x000000070ff048e8) thrown at [./src/hotspot/share/prims/jni.cpp, line 616]
Event: 0.443 Thread 0x0000022e08a42800 Exception <a 'sun/nio/fs/WindowsException'{0x000000070ff04c98}> (0x000000070ff04c98) thrown at [./src/hotspot/share/prims/jni.cpp, line 616]
Event: 0.443 Thread 0x0000022e08a42800 Exception <a 'sun/nio/fs/WindowsException'{0x000000070ff055f8}> (0x000000070ff055f8) thrown at [./src/hotspot/share/prims/jni.cpp, line 616]
Event: 0.443 Thread 0x0000022e08a42800 Exception <a 'sun/nio/fs/WindowsException'{0x000000070ff05be8}> (0x000000070ff05be8) thrown at [./src/hotspot/share/prims/jni.cpp, line 616]

Events (20 events):
Event: 0.473 loading class java/lang/reflect/WildcardType done
Event: 0.473 loading class java/lang/reflect/ParameterizedType
Event: 0.473 loading class java/lang/reflect/ParameterizedType done
Event: 0.473 loading class com/google/gson/internal/Excluder
Event: 0.473 loading class com/google/gson/internal/Excluder done
Event: 0.473 loading class com/google/gson/internal/Excluder$1
Event: 0.473 loading class com/google/gson/internal/Excluder$1 done
Event: 0.473 loading class com/google/gson/FieldNamingPolicy
Event: 0.473 loading class com/google/gson/FieldNamingPolicy done
Event: 0.473 loading class com/google/gson/FieldNamingPolicy$1
Event: 0.473 loading class com/google/gson/FieldNamingPolicy$1 done
Event: 0.474 loading class com/google/gson/FieldNamingPolicy$2
Event: 0.474 loading class com/google/gson/FieldNamingPolicy$2 done
Event: 0.474 loading class com/google/gson/FieldNamingPolicy$3
Event: 0.474 loading class com/google/gson/FieldNamingPolicy$3 done
Event: 0.474 loading class com/google/gson/FieldNamingPolicy$4
Event: 0.474 loading class com/google/gson/FieldNamingPolicy$4 done
Event: 0.474 loading class com/google/gson/FieldNamingPolicy$5
Event: 0.474 loading class com/google/gson/FieldNamingPolicy$5 done
Event: 0.474 Executing VM operation: CollectForMetadataAllocation


Dynamic libraries:
0x00007ff75dfb0000 - 0x00007ff75dfbd000 	C:\Program Files\Unity\Hub\Editor\2022.3.10f1\Editor\Data\PlaybackEngines\AndroidPlayer\OpenJDK\bin\java.exe
0x00007ffc2ce10000 - 0x00007ffc2d026000 	C:\WINDOWS\SYSTEM32\ntdll.dll
0x00007ffc2ae90000 - 0x00007ffc2af54000 	C:\WINDOWS\System32\KERNEL32.DLL
0x00007ffc2a400000 - 0x00007ffc2a7a7000 	C:\WINDOWS\System32\KERNELBASE.dll
0x00007ffc2a7b0000 - 0x00007ffc2a8c1000 	C:\WINDOWS\System32\ucrtbase.dll
0x00007ffbee660000 - 0x00007ffbee675000 	C:\Program Files\Unity\Hub\Editor\2022.3.10f1\Editor\Data\PlaybackEngines\AndroidPlayer\OpenJDK\bin\VCRUNTIME140.dll
0x00007ffbeaf30000 - 0x00007ffbeaf47000 	C:\Program Files\Unity\Hub\Editor\2022.3.10f1\Editor\Data\PlaybackEngines\AndroidPlayer\OpenJDK\bin\jli.dll
0x00007ffc2acd0000 - 0x00007ffc2ae7e000 	C:\WINDOWS\System32\USER32.dll
0x00007ffc2a1a0000 - 0x00007ffc2a1c6000 	C:\WINDOWS\System32\win32u.dll
0x00007ffc2ca20000 - 0x00007ffc2ca49000 	C:\WINDOWS\System32\GDI32.dll
0x00007ffc05ea0000 - 0x00007ffc06133000 	C:\WINDOWS\WinSxS\amd64_microsoft.windows.common-controls_6595b64144ccf1df_6.0.22621.3235_none_270f74e173860f98\COMCTL32.dll
0x00007ffc2cb00000 - 0x00007ffc2cba7000 	C:\WINDOWS\System32\msvcrt.dll
0x00007ffc2a9f0000 - 0x00007ffc2ab09000 	C:\WINDOWS\System32\gdi32full.dll
0x00007ffc2a8d0000 - 0x00007ffc2a96a000 	C:\WINDOWS\System32\msvcp_win.dll
0x00007ffc2bc30000 - 0x00007ffc2bc61000 	C:\WINDOWS\System32\IMM32.DLL
0x00007ffb732e0000 - 0x00007ffb7337b000 	C:\Program Files\Unity\Hub\Editor\2022.3.10f1\Editor\Data\PlaybackEngines\AndroidPlayer\OpenJDK\bin\msvcp140.dll
0x00007ffafe1a0000 - 0x00007ffafed21000 	C:\Program Files\Unity\Hub\Editor\2022.3.10f1\Editor\Data\PlaybackEngines\AndroidPlayer\OpenJDK\bin\server\jvm.dll
0x00007ffc2ba00000 - 0x00007ffc2bab2000 	C:\WINDOWS\System32\ADVAPI32.dll
0x00007ffc2ab40000 - 0x00007ffc2abe8000 	C:\WINDOWS\System32\sechost.dll
0x00007ffc2ab10000 - 0x00007ffc2ab38000 	C:\WINDOWS\System32\bcrypt.dll
0x00007ffc2ccb0000 - 0x00007ffc2cdc5000 	C:\WINDOWS\System32\RPCRT4.dll
0x00007ffc2c030000 - 0x00007ffc2c038000 	C:\WINDOWS\System32\PSAPI.DLL
0x00007ffc21550000 - 0x00007ffc21559000 	C:\WINDOWS\SYSTEM32\WSOCK32.dll
0x00007ffc22ea0000 - 0x00007ffc22eaa000 	C:\WINDOWS\SYSTEM32\VERSION.dll
0x00007ffc23dc0000 - 0x00007ffc23df4000 	C:\WINDOWS\SYSTEM32\WINMM.dll
0x00007ffc2bd10000 - 0x00007ffc2bd81000 	C:\WINDOWS\System32\WS2_32.dll
0x00007ffc29260000 - 0x00007ffc29278000 	C:\WINDOWS\SYSTEM32\kernel.appcore.dll
0x00007ffbee650000 - 0x00007ffbee660000 	C:\Program Files\Unity\Hub\Editor\2022.3.10f1\Editor\Data\PlaybackEngines\AndroidPlayer\OpenJDK\bin\verify.dll
0x00007ffc22240000 - 0x00007ffc22473000 	C:\WINDOWS\SYSTEM32\DBGHELP.DLL
0x00007ffc2c040000 - 0x00007ffc2c3c8000 	C:\WINDOWS\System32\combase.dll
0x00007ffc2abf0000 - 0x00007ffc2acc7000 	C:\WINDOWS\System32\OLEAUT32.dll
0x00007ffc22200000 - 0x00007ffc22232000 	C:\WINDOWS\SYSTEM32\dbgcore.DLL
0x00007ffc2a970000 - 0x00007ffc2a9e9000 	C:\WINDOWS\System32\bcryptPrimitives.dll
0x00007ffbeaec0000 - 0x00007ffbeaee8000 	C:\Program Files\Unity\Hub\Editor\2022.3.10f1\Editor\Data\PlaybackEngines\AndroidPlayer\OpenJDK\bin\java.dll
0x00007ffbeaeb0000 - 0x00007ffbeaeba000 	C:\Program Files\Unity\Hub\Editor\2022.3.10f1\Editor\Data\PlaybackEngines\AndroidPlayer\OpenJDK\bin\jimage.dll
0x00007ffbeae90000 - 0x00007ffbeaea8000 	C:\Program Files\Unity\Hub\Editor\2022.3.10f1\Editor\Data\PlaybackEngines\AndroidPlayer\OpenJDK\bin\zip.dll
0x00007ffc2b0c0000 - 0x00007ffc2b91c000 	C:\WINDOWS\System32\SHELL32.dll
0x00007ffc280a0000 - 0x00007ffc28999000 	C:\WINDOWS\SYSTEM32\windows.storage.dll
0x00007ffc27f60000 - 0x00007ffc2809e000 	C:\WINDOWS\SYSTEM32\wintypes.dll
0x00007ffc2bb30000 - 0x00007ffc2bc23000 	C:\WINDOWS\System32\SHCORE.dll
0x00007ffc2b920000 - 0x00007ffc2b97e000 	C:\WINDOWS\System32\shlwapi.dll
0x00007ffc2a060000 - 0x00007ffc2a081000 	C:\WINDOWS\SYSTEM32\profapi.dll
0x00007ffbeae70000 - 0x00007ffbeae89000 	C:\Program Files\Unity\Hub\Editor\2022.3.10f1\Editor\Data\PlaybackEngines\AndroidPlayer\OpenJDK\bin\net.dll
0x00007ffc24140000 - 0x00007ffc24276000 	C:\WINDOWS\SYSTEM32\WINHTTP.dll
0x00007ffc296d0000 - 0x00007ffc29739000 	C:\WINDOWS\system32\mswsock.dll
0x00007ffbe4df0000 - 0x00007ffbe4e03000 	C:\Program Files\Unity\Hub\Editor\2022.3.10f1\Editor\Data\PlaybackEngines\AndroidPlayer\OpenJDK\bin\nio.dll

dbghelp: loaded successfully - version: 4.0.5 - missing functions: none
symbol engine: initialized successfully - sym options: 0x614 - pdb path: .;C:\Program Files\Unity\Hub\Editor\2022.3.10f1\Editor\Data\PlaybackEngines\AndroidPlayer\OpenJDK\bin;C:\WINDOWS\SYSTEM32;C:\WINDOWS\WinSxS\amd64_microsoft.windows.common-controls_6595b64144ccf1df_6.0.22621.3235_none_270f74e173860f98;C:\Program Files\Unity\Hub\Editor\2022.3.10f1\Editor\Data\PlaybackEngines\AndroidPlayer\OpenJDK\bin\server

VM Arguments:
jvm_args: -Dfile.encoding=UTF-8 -Dcom.android.sdkmanager.toolsdir=C:\Program Files\Unity\Hub\Editor\2022.3.10f1\Editor\Data\PlaybackEngines\AndroidPlayer\SDK\cmdline-tools\6.0\bin\\.. 
java_command: com.android.sdklib.tool.AvdManagerCli list target -c
java_class_path (initial): C:\Program Files\Unity\Hub\Editor\2022.3.10f1\Editor\Data\PlaybackEngines\AndroidPlayer\SDK\cmdline-tools\6.0\bin\..\lib\avdmanager-classpath.jar
Launcher Type: SUN_STANDARD

[Global flags]
     intx CICompilerCount                          = 4                                         {product} {ergonomic}
     uint ConcGCThreads                            = 3                                         {product} {ergonomic}
     uint G1ConcRefinementThreads                  = 10                                        {product} {ergonomic}
   size_t G1HeapRegionSize                         = 1048576                                   {product} {ergonomic}
    uintx GCDrainStackTargetSize                   = 64                                        {product} {ergonomic}
   size_t InitialHeapSize                          = 268435456                                 {product} {ergonomic}
   size_t MarkStackSize                            = 4194304                                   {product} {ergonomic}
   size_t MaxHeapSize                              = 4276092928                                {product} {ergonomic}
   size_t MaxNewSize                               = 2564816896                                {product} {ergonomic}
   size_t MinHeapDeltaBytes                        = 1048576                                   {product} {ergonomic}
    uintx NonNMethodCodeHeapSize                   = 5836300                                {pd product} {ergonomic}
    uintx NonProfiledCodeHeapSize                  = 122910970                              {pd product} {ergonomic}
    uintx ProfiledCodeHeapSize                     = 122910970                              {pd product} {ergonomic}
    uintx ReservedCodeCacheSize                    = 251658240                              {pd product} {ergonomic}
     bool SegmentedCodeCache                       = true                                      {product} {ergonomic}
     bool UseCompressedClassPointers               = true                                 {lp64_product} {ergonomic}
     bool UseCompressedOops                        = true                                 {lp64_product} {ergonomic}
     bool UseG1GC                                  = true                                      {product} {ergonomic}
     bool UseLargePagesIndividualAllocation        = false                                  {pd product} {ergonomic}

Logging:
Log output configuration:
 #0: stdout all=warning uptime,level,tags
 #1: stderr all=off uptime,level,tags

Environment Variables:
JAVA_HOME=C:\Program Files\Unity\Hub\Editor\2022.3.10f1\Editor\Data\PlaybackEngines\AndroidPlayer\OpenJDK
JAVA_TOOL_OPTIONS=-Dfile.encoding=UTF-8
CLASSPATH=C:\Program Files\Unity\Hub\Editor\2022.3.10f1\Editor\Data\PlaybackEngines\AndroidPlayer\SDK\cmdline-tools\6.0\bin\..\lib\avdmanager-classpath.jar
PATH=C:\Program Files (x86)\Razer Chroma SDK\bin;C:\Program Files\Razer Chroma SDK\bin;C:\Program Files (x86)\Razer\ChromaBroadcast\bin;C:\Program Files\Razer\ChromaBroadcast\bin;C:\Program Files\Microsoft\jdk-11.0.16.101-hotspot\bin;C:\WINDOWS\system32;C:\WINDOWS;C:\WINDOWS\System32\Wbem;C:\WINDOWS\System32\WindowsPowerShell\v1.0\;C:\WINDOWS\System32\OpenSSH\;C:\Program Files\Microsoft SQL Server\150\Tools\Binn\;C:\Program Files\Microsoft SQL Server\Client SDK\ODBC\170\Tools\Binn\;C:\Program Files\dotnet\;C:\Program Files (x86)\Windows Kits\10\Windows Performance Toolkit\;C:\WINDOWS\system32\config\systemprofile\AppData\Local\Microsoft\WindowsApps;C:\Users\Raph6\AppData\Local\Microsoft\WindowsApps;C:\Users\Raph6\AppData\Local\GitHubDesktop\bin;C:\Users\Raph6\.dotnet\tools
USERNAME=Raph6
OS=Windows_NT
PROCESSOR_IDENTIFIER=Intel64 Family 6 Model 165 Stepping 3, GenuineIntel



---------------  S Y S T E M  ---------------

OS: Windows 11 , 64 bit Build 22621 (10.0.22621.3374)
OS uptime: 9 days 12:22 hours

CPU:total 12 (initial active 12) (6 cores per cpu, 2 threads per core) family 6 model 165 stepping 3 microcode 0xe0, cmov, cx8, fxsr, mmx, sse, sse2, sse3, ssse3, sse4.1, sse4.2, popcnt, avx, avx2, aes, clmul, erms, 3dnowpref, lzcnt, ht, tsc, tscinvbit, bmi1, bmi2, adx, fma

Memory: 4k page, system-wide physical 16307M (682M free)
TotalPageFile size 65459M (AvailPageFile size 4M)
current process WorkingSet (physical memory assigned to process): 83M, peak: 83M
current process commit charge ("private bytes"): 361M, peak: 362M

vm_info: OpenJDK 64-Bit Server VM (11.0.14.1+1) for windows-amd64 JRE (11.0.14.1+1), built on Feb  9 2022 01:48:27 by "" with unknown MS VC++:1916

END.
